<?xml version="1.0" encoding="UTF-8"?>
<!-- Generated by org.testng.reporters.JUnitXMLReporter -->
<testsuite ignored="0" hostname="CHDSEZ578256L" failures="0" tests="7" name="Default test" time="56.528" errors="0" timestamp="2022-08-23T23:06:12 IST">
  <testcase classname="ccom.EBank.testscenario.TransactionTest" name="SignUpTest" time="4.703"/>
  <testcase classname="ccom.EBank.testscenario.TransactionTest" name="ForgotPassTest" time="3.139"/>
  <testcase classname="ccom.EBank.testscenario.TransactionTest" name="LogInPageCheckTest" time="0.181"/>
  <testcase classname="ccom.EBank.testscenario.TransactionTest" name="LoginTestCheckTest" time="23.969"/>
  <testcase classname="ccom.EBank.testscenario.TransactionTest" name="ViewTransactionsTest" time="9.009"/>
  <testcase classname="ccom.EBank.testscenario.TransactionTest" name="ServicesPageTest" time="2.965"/>
  <testcase classname="ccom.EBank.testscenario.TransactionTest" name="LogOutPageTest" time="2.663"/>
</testsuite> <!-- Default test -->
